# JRE version: OpenJDK Runtime Environment Temurin-17.0.11+9 (17.0.11+9) (build 17.0.11+9)
# Java VM: OpenJDK 64-Bit Server VM Temurin-17.0.11+9 (17.0.11+9, mixed mode, tiered, compressed oops, compressed class ptrs, parallel gc, windows-amd64)
GC Precious Log:
 CPUs: 8 total, 8 available
 Memory: 7987M
 Large Page Support: Disabled
 NUMA Support: Disabled
 Compressed Oops: Enabled (32-bit)
 Alignments: Space 512K, Generation 512K, Heap 2M
 Heap Min Capacity: 100M
 Heap Initial Capacity: 100M
 Heap Max Capacity: 1G
 Pre-touch: Disabled
 Parallel Workers: 8
Heap:
 PSYoungGen      total 20480K, used 17468K [0x00000000eab00000, 0x00000000ec200000, 0x0000000100000000)
  eden space 17408K, 84% used [0x00000000eab00000,0x00000000eb9538b8,0x00000000ebc00000)
  from space 3072K, 91% used [0x00000000ebc00000,0x00000000ebebbab8,0x00000000ebf00000)
  to   space 3072K, 0% used [0x00000000ebf00000,0x00000000ebf00000,0x00000000ec200000)
 ParOldGen       total 68608K, used 43230K [0x00000000c0000000, 0x00000000c4300000, 0x00000000eab00000)
  object space 68608K, 63% used [0x00000000c0000000,0x00000000c2a37800,0x00000000c4300000)
 Metaspace       used 67423K, committed 68480K, reserved 1114112K
  class space    used 7125K, committed 7552K, reserved 1048576K
GC Heap History (20 events):
Event: 11.014 GC heap before
{Heap before GC invocations=27 (full 2):
 PSYoungGen      total 18944K, used 18537K [0x00000000eab00000, 0x00000000ec200000, 0x0000000100000000)
  eden space 17920K, 100% used [0x00000000eab00000,0x00000000ebc80000,0x00000000ebc80000)
  from space 1024K, 60% used [0x00000000ec100000,0x00000000ec19a6b0,0x00000000ec200000)
  to   space 2048K, 0% used [0x00000000ebe00000,0x00000000ebe00000,0x00000000ec000000)
 ParOldGen       total 68608K, used 35789K [0x00000000c0000000, 0x00000000c4300000, 0x00000000eab00000)
  object space 68608K, 52% used [0x00000000c0000000,0x00000000c22f37a0,0x00000000c4300000)
 Metaspace       used 56310K, committed 57344K, reserved 1114112K
  class space    used 6073K, committed 6528K, reserved 1048576K
}
Event: 11.015 GC heap after
{Heap after GC invocations=27 (full 2):
 PSYoungGen      total 19968K, used 416K [0x00000000eab00000, 0x00000000ec180000, 0x0000000100000000)
  eden space 17920K, 0% used [0x00000000eab00000,0x00000000eab00000,0x00000000ebc80000)
  from space 2048K, 20% used [0x00000000ebe00000,0x00000000ebe68000,0x00000000ec000000)
  to   space 1024K, 0% used [0x00000000ec080000,0x00000000ec080000,0x00000000ec180000)
 ParOldGen       total 68608K, used 36398K [0x00000000c0000000, 0x00000000c4300000, 0x00000000eab00000)
  object space 68608K, 53% used [0x00000000c0000000,0x00000000c238bb88,0x00000000c4300000)
 Metaspace       used 56310K, committed 57344K, reserved 1114112K
  class space    used 6073K, committed 6528K, reserved 1048576K
}
Event: 11.174 GC heap before
{Heap before GC invocations=28 (full 2):
 PSYoungGen      total 19968K, used 18336K [0x00000000eab00000, 0x00000000ec180000, 0x0000000100000000)
  eden space 17920K, 100% used [0x00000000eab00000,0x00000000ebc80000,0x00000000ebc80000)
  from space 2048K, 20% used [0x00000000ebe00000,0x00000000ebe68000,0x00000000ec000000)
  to   space 1024K, 0% used [0x00000000ec080000,0x00000000ec080000,0x00000000ec180000)
 ParOldGen       total 68608K, used 36398K [0x00000000c0000000, 0x00000000c4300000, 0x00000000eab00000)
  object space 68608K, 53% used [0x00000000c0000000,0x00000000c238bb88,0x00000000c4300000)
 Metaspace       used 56986K, committed 57920K, reserved 1114112K
  class space    used 6128K, committed 6528K, reserved 1048576K
}
Event: 11.177 GC heap after
{Heap after GC invocations=28 (full 2):
 PSYoungGen      total 18944K, used 1001K [0x00000000eab00000, 0x00000000ec180000, 0x0000000100000000)
  eden space 17920K, 0% used [0x00000000eab00000,0x00000000eab00000,0x00000000ebc80000)
  from space 1024K, 97% used [0x00000000ec080000,0x00000000ec17a5b0,0x00000000ec180000)
  to   space 2560K, 0% used [0x00000000ebc80000,0x00000000ebc80000,0x00000000ebf00000)
 ParOldGen       total 68608K, used 37213K [0x00000000c0000000, 0x00000000c4300000, 0x00000000eab00000)
  object space 68608K, 54% used [0x00000000c0000000,0x00000000c2457600,0x00000000c4300000)
 Metaspace       used 56986K, committed 57920K, reserved 1114112K
  class space    used 6128K, committed 6528K, reserved 1048576K
}
Event: 11.256 GC heap before
{Heap before GC invocations=29 (full 2):
 PSYoungGen      total 18944K, used 18921K [0x00000000eab00000, 0x00000000ec180000, 0x0000000100000000)
  eden space 17920K, 100% used [0x00000000eab00000,0x00000000ebc80000,0x00000000ebc80000)
  from space 1024K, 97% used [0x00000000ec080000,0x00000000ec17a5b0,0x00000000ec180000)
  to   space 2560K, 0% used [0x00000000ebc80000,0x00000000ebc80000,0x00000000ebf00000)
 ParOldGen       total 68608K, used 37213K [0x00000000c0000000, 0x00000000c4300000, 0x00000000eab00000)
  object space 68608K, 54% used [0x00000000c0000000,0x00000000c2457600,0x00000000c4300000)
 Metaspace       used 57000K, committed 57984K, reserved 1114112K
  class space    used 6128K, committed 6528K, reserved 1048576K
}
Event: 11.257 GC heap after
{Heap after GC invocations=29 (full 2):
 PSYoungGen      total 20480K, used 439K [0x00000000eab00000, 0x00000000ec100000, 0x0000000100000000)
  eden space 17920K, 0% used [0x00000000eab00000,0x00000000eab00000,0x00000000ebc80000)
  from space 2560K, 17% used [0x00000000ebc80000,0x00000000ebcedca8,0x00000000ebf00000)
  to   space 1024K, 0% used [0x00000000ec000000,0x00000000ec000000,0x00000000ec100000)
 ParOldGen       total 68608K, used 37333K [0x00000000c0000000, 0x00000000c4300000, 0x00000000eab00000)
  object space 68608K, 54% used [0x00000000c0000000,0x00000000c2475600,0x00000000c4300000)
 Metaspace       used 57000K, committed 57984K, reserved 1114112K
  class space    used 6128K, committed 6528K, reserved 1048576K
}
Event: 11.596 GC heap before
{Heap before GC invocations=30 (full 2):
 PSYoungGen      total 20480K, used 15119K [0x00000000eab00000, 0x00000000ec100000, 0x0000000100000000)
  eden space 17920K, 81% used [0x00000000eab00000,0x00000000eb956328,0x00000000ebc80000)
  from space 2560K, 17% used [0x00000000ebc80000,0x00000000ebcedca8,0x00000000ebf00000)
  to   space 1024K, 0% used [0x00000000ec000000,0x00000000ec000000,0x00000000ec100000)
 ParOldGen       total 68608K, used 37333K [0x00000000c0000000, 0x00000000c4300000, 0x00000000eab00000)
  object space 68608K, 54% used [0x00000000c0000000,0x00000000c2475600,0x00000000c4300000)
 Metaspace       used 58853K, committed 59776K, reserved 1114112K
  class space    used 6270K, committed 6656K, reserved 1048576K
}
Event: 11.598 GC heap after
{Heap after GC invocations=30 (full 2):
 PSYoungGen      total 18432K, used 384K [0x00000000eab00000, 0x00000000ec080000, 0x0000000100000000)
  eden space 17920K, 0% used [0x00000000eab00000,0x00000000eab00000,0x00000000ebc80000)
  from space 512K, 75% used [0x00000000ec000000,0x00000000ec060000,0x00000000ec080000)
  to   space 512K, 0% used [0x00000000ebf80000,0x00000000ebf80000,0x00000000ec000000)
 ParOldGen       total 68608K, used 37357K [0x00000000c0000000, 0x00000000c4300000, 0x00000000eab00000)
  object space 68608K, 54% used [0x00000000c0000000,0x00000000c247b600,0x00000000c4300000)
 Metaspace       used 58853K, committed 59776K, reserved 1114112K
  class space    used 6270K, committed 6656K, reserved 1048576K
}
Event: 11.598 GC heap before
{Heap before GC invocations=31 (full 3):
 PSYoungGen      total 18432K, used 384K [0x00000000eab00000, 0x00000000ec080000, 0x0000000100000000)
  eden space 17920K, 0% used [0x00000000eab00000,0x00000000eab00000,0x00000000ebc80000)
  from space 512K, 75% used [0x00000000ec000000,0x00000000ec060000,0x00000000ec080000)
  to   space 512K, 0% used [0x00000000ebf80000,0x00000000ebf80000,0x00000000ec000000)
 ParOldGen       total 68608K, used 37357K [0x00000000c0000000, 0x00000000c4300000, 0x00000000eab00000)
  object space 68608K, 54% used [0x00000000c0000000,0x00000000c247b600,0x00000000c4300000)
 Metaspace       used 58853K, committed 59776K, reserved 1114112K
  class space    used 6270K, committed 6656K, reserved 1048576K
}
Event: 11.669 GC heap after
{Heap after GC invocations=31 (full 3):
 PSYoungGen      total 18432K, used 0K [0x00000000eab00000, 0x00000000ec080000, 0x0000000100000000)
  eden space 17920K, 0% used [0x00000000eab00000,0x00000000eab00000,0x00000000ebc80000)
  from space 512K, 0% used [0x00000000ec000000,0x00000000ec000000,0x00000000ec080000)
  to   space 512K, 0% used [0x00000000ebf80000,0x00000000ebf80000,0x00000000ec000000)
 ParOldGen       total 68608K, used 35430K [0x00000000c0000000, 0x00000000c4300000, 0x00000000eab00000)
  object space 68608K, 51% used [0x00000000c0000000,0x00000000c2299bb0,0x00000000c4300000)
 Metaspace       used 58826K, committed 59776K, reserved 1114112K
  class space    used 6263K, committed 6656K, reserved 1048576K
}
Event: 12.005 GC heap before
{Heap before GC invocations=32 (full 3):
 PSYoungGen      total 18432K, used 17919K [0x00000000eab00000, 0x00000000ec080000, 0x0000000100000000)
  eden space 17920K, 99% used [0x00000000eab00000,0x00000000ebc7fff0,0x00000000ebc80000)
  from space 512K, 0% used [0x00000000ec000000,0x00000000ec000000,0x00000000ec080000)
  to   space 512K, 0% used [0x00000000ebf80000,0x00000000ebf80000,0x00000000ec000000)
 ParOldGen       total 68608K, used 35430K [0x00000000c0000000, 0x00000000c4300000, 0x00000000eab00000)
  object space 68608K, 51% used [0x00000000c0000000,0x00000000c2299bb0,0x00000000c4300000)
 Metaspace       used 60703K, committed 61696K, reserved 1114112K
  class space    used 6474K, committed 6912K, reserved 1048576K
}
Event: 12.007 GC heap after
{Heap after GC invocations=32 (full 3):
 PSYoungGen      total 18432K, used 503K [0x00000000eab00000, 0x00000000ec080000, 0x0000000100000000)
  eden space 17920K, 0% used [0x00000000eab00000,0x00000000eab00000,0x00000000ebc80000)
  from space 512K, 98% used [0x00000000ebf80000,0x00000000ebffdfc8,0x00000000ec000000)
  to   space 512K, 0% used [0x00000000ec000000,0x00000000ec000000,0x00000000ec080000)
 ParOldGen       total 68608K, used 35619K [0x00000000c0000000, 0x00000000c4300000, 0x00000000eab00000)
  object space 68608K, 51% used [0x00000000c0000000,0x00000000c22c8f40,0x00000000c4300000)
 Metaspace       used 60703K, committed 61696K, reserved 1114112K
  class space    used 6474K, committed 6912K, reserved 1048576K
}
Event: 12.431 GC heap before
{Heap before GC invocations=33 (full 3):
 PSYoungGen      total 18432K, used 18423K [0x00000000eab00000, 0x00000000ec080000, 0x0000000100000000)
  eden space 17920K, 100% used [0x00000000eab00000,0x00000000ebc80000,0x00000000ebc80000)
  from space 512K, 98% used [0x00000000ebf80000,0x00000000ebffdfc8,0x00000000ec000000)
  to   space 512K, 0% used [0x00000000ec000000,0x00000000ec000000,0x00000000ec080000)
 ParOldGen       total 68608K, used 35619K [0x00000000c0000000, 0x00000000c4300000, 0x00000000eab00000)
  object space 68608K, 51% used [0x00000000c0000000,0x00000000c22c8f40,0x00000000c4300000)
 Metaspace       used 62600K, committed 63680K, reserved 1114112K
  class space    used 6655K, committed 7104K, reserved 1048576K
}
Event: 12.433 GC heap after
{Heap after GC invocations=33 (full 3):
 PSYoungGen      total 18432K, used 502K [0x00000000eab00000, 0x00000000ec380000, 0x0000000100000000)
  eden space 17920K, 0% used [0x00000000eab00000,0x00000000eab00000,0x00000000ebc80000)
  from space 512K, 98% used [0x00000000ec000000,0x00000000ec07da78,0x00000000ec080000)
  to   space 3584K, 0% used [0x00000000ebc80000,0x00000000ebc80000,0x00000000ec000000)
 ParOldGen       total 68608K, used 38091K [0x00000000c0000000, 0x00000000c4300000, 0x00000000eab00000)
  object space 68608K, 55% used [0x00000000c0000000,0x00000000c2532c60,0x00000000c4300000)
 Metaspace       used 62600K, committed 63680K, reserved 1114112K
  class space    used 6655K, committed 7104K, reserved 1048576K
}
Event: 12.753 GC heap before
{Heap before GC invocations=34 (full 3):
 PSYoungGen      total 18432K, used 18398K [0x00000000eab00000, 0x00000000ec380000, 0x0000000100000000)
  eden space 17920K, 99% used [0x00000000eab00000,0x00000000ebc79df8,0x00000000ebc80000)
  from space 512K, 98% used [0x00000000ec000000,0x00000000ec07da78,0x00000000ec080000)
  to   space 3584K, 0% used [0x00000000ebc80000,0x00000000ebc80000,0x00000000ec000000)
 ParOldGen       total 68608K, used 38091K [0x00000000c0000000, 0x00000000c4300000, 0x00000000eab00000)
  object space 68608K, 55% used [0x00000000c0000000,0x00000000c2532c60,0x00000000c4300000)
 Metaspace       used 64162K, committed 65216K, reserved 1114112K
  class space    used 6837K, committed 7296K, reserved 1048576K
}
Event: 12.756 GC heap after
{Heap after GC invocations=34 (full 3):
 PSYoungGen      total 20480K, used 2530K [0x00000000eab00000, 0x00000000ec280000, 0x0000000100000000)
  eden space 17920K, 0% used [0x00000000eab00000,0x00000000eab00000,0x00000000ebc80000)
  from space 2560K, 98% used [0x00000000ebc80000,0x00000000ebef8a10,0x00000000ebf00000)
  to   space 3072K, 0% used [0x00000000ebf80000,0x00000000ebf80000,0x00000000ec280000)
 ParOldGen       total 68608K, used 38641K [0x00000000c0000000, 0x00000000c4300000, 0x00000000eab00000)
  object space 68608K, 56% used [0x00000000c0000000,0x00000000c25bc7d0,0x00000000c4300000)
 Metaspace       used 64162K, committed 65216K, reserved 1114112K
  class space    used 6837K, committed 7296K, reserved 1048576K
}
Event: 12.982 GC heap before
{Heap before GC invocations=35 (full 3):
 PSYoungGen      total 20480K, used 20450K [0x00000000eab00000, 0x00000000ec280000, 0x0000000100000000)
  eden space 17920K, 100% used [0x00000000eab00000,0x00000000ebc80000,0x00000000ebc80000)
  from space 2560K, 98% used [0x00000000ebc80000,0x00000000ebef8a10,0x00000000ebf00000)
  to   space 3072K, 0% used [0x00000000ebf80000,0x00000000ebf80000,0x00000000ec280000)
 ParOldGen       total 68608K, used 38641K [0x00000000c0000000, 0x00000000c4300000, 0x00000000eab00000)
  object space 68608K, 56% used [0x00000000c0000000,0x00000000c25bc7d0,0x00000000c4300000)
 Metaspace       used 65747K, committed 66752K, reserved 1114112K
  class space    used 6982K, committed 7360K, reserved 1048576K
}
Event: 12.987 GC heap after
{Heap after GC invocations=35 (full 3):
 PSYoungGen      total 20480K, used 3052K [0x00000000eab00000, 0x00000000ec380000, 0x0000000100000000)
  eden space 17408K, 0% used [0x00000000eab00000,0x00000000eab00000,0x00000000ebc00000)
  from space 3072K, 99% used [0x00000000ebf80000,0x00000000ec27b368,0x00000000ec280000)
  to   space 3584K, 0% used [0x00000000ebc00000,0x00000000ebc00000,0x00000000ebf80000)
 ParOldGen       total 68608K, used 41052K [0x00000000c0000000, 0x00000000c4300000, 0x00000000eab00000)
  object space 68608K, 59% used [0x00000000c0000000,0x00000000c2817208,0x00000000c4300000)
 Metaspace       used 65747K, committed 66752K, reserved 1114112K
  class space    used 6982K, committed 7360K, reserved 1048576K
}
Event: 13.125 GC heap before
{Heap before GC invocations=36 (full 3):
 PSYoungGen      total 20480K, used 20460K [0x00000000eab00000, 0x00000000ec380000, 0x0000000100000000)
  eden space 17408K, 100% used [0x00000000eab00000,0x00000000ebc00000,0x00000000ebc00000)
  from space 3072K, 99% used [0x00000000ebf80000,0x00000000ec27b368,0x00000000ec280000)
  to   space 3584K, 0% used [0x00000000ebc00000,0x00000000ebc00000,0x00000000ebf80000)
 ParOldGen       total 68608K, used 41052K [0x00000000c0000000, 0x00000000c4300000, 0x00000000eab00000)
  object space 68608K, 59% used [0x00000000c0000000,0x00000000c2817208,0x00000000c4300000)
 Metaspace       used 66372K, committed 67456K, reserved 1114112K
  class space    used 7029K, committed 7488K, reserved 1048576K
}
Event: 13.128 GC heap after
{Heap after GC invocations=36 (full 3):
 PSYoungGen      total 20480K, used 2798K [0x00000000eab00000, 0x00000000ec200000, 0x0000000100000000)
  eden space 17408K, 0% used [0x00000000eab00000,0x00000000eab00000,0x00000000ebc00000)
  from space 3072K, 91% used [0x00000000ebc00000,0x00000000ebebbab8,0x00000000ebf00000)
  to   space 3072K, 0% used [0x00000000ebf00000,0x00000000ebf00000,0x00000000ec200000)
 ParOldGen       total 68608K, used 43230K [0x00000000c0000000, 0x00000000c4300000, 0x00000000eab00000)
  object space 68608K, 63% used [0x00000000c0000000,0x00000000c2a37800,0x00000000c4300000)
 Metaspace       used 66372K, committed 67456K, reserved 1114112K
  class space    used 7029K, committed 7488K, reserved 1048576K
}

